Warning: you requested the nanomsg event logger, but bmv2 was compiled without -DBMELOG, and the event logger cannot be activated
Calling target program-options parser
[19:45:43.329] [bmv2] [D] [thread 15379] Set default default entry for table 'MyIngress.ipv4_lpm': NoAction - 
[19:45:43.330] [bmv2] [D] [thread 15379] Set default default entry for table 'tbl_act': act - 
[19:45:43.330] [bmv2] [D] [thread 15379] Set default default entry for table 'tbl_act_0': act_0 - 
Adding interface s1-eth1 as port 1
[19:45:43.332] [bmv2] [D] [thread 15379] Adding interface s1-eth1 as port 1
Adding interface s1-eth2 as port 2
[19:45:43.370] [bmv2] [D] [thread 15379] Adding interface s1-eth2 as port 2
Adding interface s1-cpu-eth0 as port 3
[19:45:43.401] [bmv2] [D] [thread 15379] Adding interface s1-cpu-eth0 as port 3
[19:45:43.416] [bmv2] [I] [thread 15379] Starting Thrift server on port 9090
[19:45:43.417] [bmv2] [I] [thread 15379] Thrift server was started
[19:45:43.500] [bmv2] [D] [thread 15386] [0.0] [cxt 0] Processing packet received on port 3
[19:45:43.500] [bmv2] [D] [thread 15386] [0.0] [cxt 0] Parser 'parser': start
[19:45:43.500] [bmv2] [D] [thread 15386] [0.0] [cxt 0] Parser 'parser' entering state 'start'
[19:45:43.500] [bmv2] [D] [thread 15386] [0.0] [cxt 0] Extracting header 'ethernet'
[19:45:43.500] [bmv2] [D] [thread 15386] [0.0] [cxt 0] Parser state 'start': key is 86dd
[19:45:43.500] [bmv2] [T] [thread 15386] [0.0] [cxt 0] Bytes parsed: 14
[19:45:43.500] [bmv2] [D] [thread 15386] [0.0] [cxt 0] Parser 'parser': end
[19:45:43.500] [bmv2] [D] [thread 15386] [0.0] [cxt 0] Pipeline 'ingress': start
[19:45:43.500] [bmv2] [T] [thread 15386] [0.0] [cxt 0] copy_to_cpu.p4(128) Condition "hdr.ipv4.isValid()" (node_2) is false
[19:45:43.500] [bmv2] [D] [thread 15386] [0.0] [cxt 0] Pipeline 'ingress': end
[19:45:43.500] [bmv2] [D] [thread 15386] [0.0] [cxt 0] Egress port is 0
[19:45:43.500] [bmv2] [D] [thread 15387] [0.0] [cxt 0] Pipeline 'egress': start
[19:45:43.500] [bmv2] [T] [thread 15387] [0.0] [cxt 0] copy_to_cpu.p4(151) Condition "standard_metadata.instance_type == 0 && hdr.ipv4.tos == 1" (node_6) is false
[19:45:43.500] [bmv2] [T] [thread 15387] [0.0] [cxt 0] copy_to_cpu.p4(157) Condition "standard_metadata.instance_type != 0" (node_8) is false
[19:45:43.500] [bmv2] [D] [thread 15387] [0.0] [cxt 0] Pipeline 'egress': end
[19:45:43.500] [bmv2] [D] [thread 15387] [0.0] [cxt 0] Deparser 'deparser': start
[19:45:43.500] [bmv2] [T] [thread 15387] [0.0] [cxt 0] Skipping checksum 'cksum' update because condition not met
[19:45:43.500] [bmv2] [D] [thread 15387] [0.0] [cxt 0] Deparsing header 'ethernet'
[19:45:43.500] [bmv2] [D] [thread 15387] [0.0] [cxt 0] Deparser 'deparser': end
[19:45:43.501] [bmv2] [D] [thread 15391] [0.0] [cxt 0] Transmitting packet of size 90 out of port 0
[19:45:43.506] [bmv2] [D] [thread 15386] [1.0] [cxt 0] Processing packet received on port 3
[19:45:43.506] [bmv2] [D] [thread 15386] [1.0] [cxt 0] Parser 'parser': start
[19:45:43.506] [bmv2] [D] [thread 15386] [1.0] [cxt 0] Parser 'parser' entering state 'start'
[19:45:43.506] [bmv2] [D] [thread 15386] [1.0] [cxt 0] Extracting header 'ethernet'
[19:45:43.507] [bmv2] [D] [thread 15386] [1.0] [cxt 0] Parser state 'start': key is 86dd
[19:45:43.507] [bmv2] [T] [thread 15386] [1.0] [cxt 0] Bytes parsed: 14
[19:45:43.507] [bmv2] [D] [thread 15386] [1.0] [cxt 0] Parser 'parser': end
[19:45:43.507] [bmv2] [D] [thread 15386] [1.0] [cxt 0] Pipeline 'ingress': start
[19:45:43.507] [bmv2] [T] [thread 15386] [1.0] [cxt 0] copy_to_cpu.p4(128) Condition "hdr.ipv4.isValid()" (node_2) is false
[19:45:43.507] [bmv2] [D] [thread 15386] [1.0] [cxt 0] Pipeline 'ingress': end
[19:45:43.507] [bmv2] [D] [thread 15386] [1.0] [cxt 0] Egress port is 0
[19:45:43.507] [bmv2] [D] [thread 15387] [1.0] [cxt 0] Pipeline 'egress': start
[19:45:43.507] [bmv2] [T] [thread 15387] [1.0] [cxt 0] copy_to_cpu.p4(151) Condition "standard_metadata.instance_type == 0 && hdr.ipv4.tos == 1" (node_6) is false
[19:45:43.507] [bmv2] [T] [thread 15387] [1.0] [cxt 0] copy_to_cpu.p4(157) Condition "standard_metadata.instance_type != 0" (node_8) is false
[19:45:43.507] [bmv2] [D] [thread 15387] [1.0] [cxt 0] Pipeline 'egress': end
[19:45:43.507] [bmv2] [D] [thread 15387] [1.0] [cxt 0] Deparser 'deparser': start
[19:45:43.507] [bmv2] [T] [thread 15387] [1.0] [cxt 0] Skipping checksum 'cksum' update because condition not met
[19:45:43.507] [bmv2] [D] [thread 15387] [1.0] [cxt 0] Deparsing header 'ethernet'
[19:45:43.507] [bmv2] [D] [thread 15387] [1.0] [cxt 0] Deparser 'deparser': end
[19:45:43.507] [bmv2] [D] [thread 15391] [1.0] [cxt 0] Transmitting packet of size 78 out of port 0
[19:45:43.836] [bmv2] [D] [thread 15386] [2.0] [cxt 0] Processing packet received on port 1
[19:45:43.836] [bmv2] [D] [thread 15386] [2.0] [cxt 0] Parser 'parser': start
[19:45:43.836] [bmv2] [D] [thread 15386] [2.0] [cxt 0] Parser 'parser' entering state 'start'
[19:45:43.836] [bmv2] [D] [thread 15386] [2.0] [cxt 0] Extracting header 'ethernet'
[19:45:43.836] [bmv2] [D] [thread 15386] [2.0] [cxt 0] Parser state 'start': key is 86dd
[19:45:43.836] [bmv2] [T] [thread 15386] [2.0] [cxt 0] Bytes parsed: 14
[19:45:43.836] [bmv2] [D] [thread 15386] [2.0] [cxt 0] Parser 'parser': end
[19:45:43.836] [bmv2] [D] [thread 15386] [2.0] [cxt 0] Pipeline 'ingress': start
[19:45:43.836] [bmv2] [T] [thread 15386] [2.0] [cxt 0] copy_to_cpu.p4(128) Condition "hdr.ipv4.isValid()" (node_2) is false
[19:45:43.836] [bmv2] [D] [thread 15386] [2.0] [cxt 0] Pipeline 'ingress': end
[19:45:43.836] [bmv2] [D] [thread 15386] [2.0] [cxt 0] Egress port is 0
[19:45:43.836] [bmv2] [D] [thread 15387] [2.0] [cxt 0] Pipeline 'egress': start
[19:45:43.836] [bmv2] [T] [thread 15387] [2.0] [cxt 0] copy_to_cpu.p4(151) Condition "standard_metadata.instance_type == 0 && hdr.ipv4.tos == 1" (node_6) is false
[19:45:43.836] [bmv2] [T] [thread 15387] [2.0] [cxt 0] copy_to_cpu.p4(157) Condition "standard_metadata.instance_type != 0" (node_8) is false
[19:45:43.836] [bmv2] [D] [thread 15387] [2.0] [cxt 0] Pipeline 'egress': end
[19:45:43.836] [bmv2] [D] [thread 15387] [2.0] [cxt 0] Deparser 'deparser': start
[19:45:43.836] [bmv2] [T] [thread 15387] [2.0] [cxt 0] Skipping checksum 'cksum' update because condition not met
[19:45:43.836] [bmv2] [D] [thread 15387] [2.0] [cxt 0] Deparsing header 'ethernet'
[19:45:43.836] [bmv2] [D] [thread 15387] [2.0] [cxt 0] Deparser 'deparser': end
[19:45:43.836] [bmv2] [D] [thread 15391] [2.0] [cxt 0] Transmitting packet of size 78 out of port 0
[19:45:43.969] [bmv2] [D] [thread 15386] [3.0] [cxt 0] Processing packet received on port 1
[19:45:43.970] [bmv2] [D] [thread 15386] [3.0] [cxt 0] Parser 'parser': start
[19:45:43.970] [bmv2] [D] [thread 15386] [3.0] [cxt 0] Parser 'parser' entering state 'start'
[19:45:43.970] [bmv2] [D] [thread 15386] [3.0] [cxt 0] Extracting header 'ethernet'
[19:45:43.970] [bmv2] [D] [thread 15386] [3.0] [cxt 0] Parser state 'start': key is 86dd
[19:45:43.970] [bmv2] [T] [thread 15386] [3.0] [cxt 0] Bytes parsed: 14
[19:45:43.970] [bmv2] [D] [thread 15386] [3.0] [cxt 0] Parser 'parser': end
[19:45:43.970] [bmv2] [D] [thread 15386] [3.0] [cxt 0] Pipeline 'ingress': start
[19:45:43.970] [bmv2] [T] [thread 15386] [3.0] [cxt 0] copy_to_cpu.p4(128) Condition "hdr.ipv4.isValid()" (node_2) is false
[19:45:43.970] [bmv2] [D] [thread 15386] [3.0] [cxt 0] Pipeline 'ingress': end
[19:45:43.970] [bmv2] [D] [thread 15386] [3.0] [cxt 0] Egress port is 0
[19:45:43.970] [bmv2] [D] [thread 15387] [3.0] [cxt 0] Pipeline 'egress': start
[19:45:43.970] [bmv2] [T] [thread 15387] [3.0] [cxt 0] copy_to_cpu.p4(151) Condition "standard_metadata.instance_type == 0 && hdr.ipv4.tos == 1" (node_6) is false
[19:45:43.970] [bmv2] [T] [thread 15387] [3.0] [cxt 0] copy_to_cpu.p4(157) Condition "standard_metadata.instance_type != 0" (node_8) is false
[19:45:43.970] [bmv2] [D] [thread 15387] [3.0] [cxt 0] Pipeline 'egress': end
[19:45:43.970] [bmv2] [D] [thread 15387] [3.0] [cxt 0] Deparser 'deparser': start
[19:45:43.970] [bmv2] [T] [thread 15387] [3.0] [cxt 0] Skipping checksum 'cksum' update because condition not met
[19:45:43.970] [bmv2] [D] [thread 15387] [3.0] [cxt 0] Deparsing header 'ethernet'
[19:45:43.970] [bmv2] [D] [thread 15387] [3.0] [cxt 0] Deparser 'deparser': end
[19:45:43.970] [bmv2] [D] [thread 15391] [3.0] [cxt 0] Transmitting packet of size 90 out of port 0
[19:45:44.106] [bmv2] [D] [thread 15386] [4.0] [cxt 0] Processing packet received on port 3
[19:45:44.106] [bmv2] [D] [thread 15386] [4.0] [cxt 0] Parser 'parser': start
[19:45:44.106] [bmv2] [D] [thread 15386] [4.0] [cxt 0] Parser 'parser' entering state 'start'
[19:45:44.106] [bmv2] [D] [thread 15386] [4.0] [cxt 0] Extracting header 'ethernet'
[19:45:44.106] [bmv2] [D] [thread 15386] [4.0] [cxt 0] Parser state 'start': key is 86dd
[19:45:44.106] [bmv2] [T] [thread 15386] [4.0] [cxt 0] Bytes parsed: 14
[19:45:44.106] [bmv2] [D] [thread 15386] [4.0] [cxt 0] Parser 'parser': end
[19:45:44.106] [bmv2] [D] [thread 15386] [4.0] [cxt 0] Pipeline 'ingress': start
[19:45:44.106] [bmv2] [T] [thread 15386] [4.0] [cxt 0] copy_to_cpu.p4(128) Condition "hdr.ipv4.isValid()" (node_2) is false
[19:45:44.106] [bmv2] [D] [thread 15386] [4.0] [cxt 0] Pipeline 'ingress': end
[19:45:44.106] [bmv2] [D] [thread 15386] [4.0] [cxt 0] Egress port is 0
[19:45:44.106] [bmv2] [D] [thread 15387] [4.0] [cxt 0] Pipeline 'egress': start
[19:45:44.106] [bmv2] [T] [thread 15387] [4.0] [cxt 0] copy_to_cpu.p4(151) Condition "standard_metadata.instance_type == 0 && hdr.ipv4.tos == 1" (node_6) is false
[19:45:44.106] [bmv2] [T] [thread 15387] [4.0] [cxt 0] copy_to_cpu.p4(157) Condition "standard_metadata.instance_type != 0" (node_8) is false
[19:45:44.106] [bmv2] [D] [thread 15387] [4.0] [cxt 0] Pipeline 'egress': end
[19:45:44.106] [bmv2] [D] [thread 15387] [4.0] [cxt 0] Deparser 'deparser': start
[19:45:44.106] [bmv2] [T] [thread 15387] [4.0] [cxt 0] Skipping checksum 'cksum' update because condition not met
[19:45:44.106] [bmv2] [D] [thread 15387] [4.0] [cxt 0] Deparsing header 'ethernet'
[19:45:44.106] [bmv2] [D] [thread 15387] [4.0] [cxt 0] Deparser 'deparser': end
[19:45:44.107] [bmv2] [D] [thread 15391] [4.0] [cxt 0] Transmitting packet of size 90 out of port 0
[19:45:44.114] [bmv2] [D] [thread 15386] [5.0] [cxt 0] Processing packet received on port 3
[19:45:44.115] [bmv2] [D] [thread 15386] [5.0] [cxt 0] Parser 'parser': start
[19:45:44.115] [bmv2] [D] [thread 15386] [5.0] [cxt 0] Parser 'parser' entering state 'start'
[19:45:44.115] [bmv2] [D] [thread 15386] [5.0] [cxt 0] Extracting header 'ethernet'
[19:45:44.115] [bmv2] [D] [thread 15386] [5.0] [cxt 0] Parser state 'start': key is 86dd
[19:45:44.115] [bmv2] [T] [thread 15386] [5.0] [cxt 0] Bytes parsed: 14
[19:45:44.115] [bmv2] [D] [thread 15386] [5.0] [cxt 0] Parser 'parser': end
[19:45:44.115] [bmv2] [D] [thread 15386] [5.0] [cxt 0] Pipeline 'ingress': start
[19:45:44.115] [bmv2] [T] [thread 15386] [5.0] [cxt 0] copy_to_cpu.p4(128) Condition "hdr.ipv4.isValid()" (node_2) is false
[19:45:44.115] [bmv2] [D] [thread 15386] [5.0] [cxt 0] Pipeline 'ingress': end
[19:45:44.115] [bmv2] [D] [thread 15386] [5.0] [cxt 0] Egress port is 0
[19:45:44.115] [bmv2] [D] [thread 15387] [5.0] [cxt 0] Pipeline 'egress': start
[19:45:44.115] [bmv2] [T] [thread 15387] [5.0] [cxt 0] copy_to_cpu.p4(151) Condition "standard_metadata.instance_type == 0 && hdr.ipv4.tos == 1" (node_6) is false
[19:45:44.115] [bmv2] [T] [thread 15387] [5.0] [cxt 0] copy_to_cpu.p4(157) Condition "standard_metadata.instance_type != 0" (node_8) is false
[19:45:44.115] [bmv2] [D] [thread 15387] [5.0] [cxt 0] Pipeline 'egress': end
[19:45:44.115] [bmv2] [D] [thread 15387] [5.0] [cxt 0] Deparser 'deparser': start
[19:45:44.115] [bmv2] [T] [thread 15387] [5.0] [cxt 0] Skipping checksum 'cksum' update because condition not met
[19:45:44.115] [bmv2] [D] [thread 15387] [5.0] [cxt 0] Deparsing header 'ethernet'
[19:45:44.115] [bmv2] [D] [thread 15387] [5.0] [cxt 0] Deparser 'deparser': end
[19:45:44.115] [bmv2] [D] [thread 15391] [5.0] [cxt 0] Transmitting packet of size 78 out of port 0
[19:45:44.202] [bmv2] [D] [thread 15386] [6.0] [cxt 0] Processing packet received on port 2
[19:45:44.202] [bmv2] [D] [thread 15386] [6.0] [cxt 0] Parser 'parser': start
[19:45:44.202] [bmv2] [D] [thread 15386] [6.0] [cxt 0] Parser 'parser' entering state 'start'
[19:45:44.202] [bmv2] [D] [thread 15386] [6.0] [cxt 0] Extracting header 'ethernet'
[19:45:44.202] [bmv2] [D] [thread 15386] [6.0] [cxt 0] Parser state 'start': key is 86dd
[19:45:44.202] [bmv2] [T] [thread 15386] [6.0] [cxt 0] Bytes parsed: 14
[19:45:44.202] [bmv2] [D] [thread 15386] [6.0] [cxt 0] Parser 'parser': end
[19:45:44.202] [bmv2] [D] [thread 15386] [6.0] [cxt 0] Pipeline 'ingress': start
[19:45:44.202] [bmv2] [T] [thread 15386] [6.0] [cxt 0] copy_to_cpu.p4(128) Condition "hdr.ipv4.isValid()" (node_2) is false
[19:45:44.202] [bmv2] [D] [thread 15386] [6.0] [cxt 0] Pipeline 'ingress': end
[19:45:44.202] [bmv2] [D] [thread 15386] [6.0] [cxt 0] Egress port is 0
[19:45:44.202] [bmv2] [D] [thread 15387] [6.0] [cxt 0] Pipeline 'egress': start
[19:45:44.202] [bmv2] [T] [thread 15387] [6.0] [cxt 0] copy_to_cpu.p4(151) Condition "standard_metadata.instance_type == 0 && hdr.ipv4.tos == 1" (node_6) is false
[19:45:44.202] [bmv2] [T] [thread 15387] [6.0] [cxt 0] copy_to_cpu.p4(157) Condition "standard_metadata.instance_type != 0" (node_8) is false
[19:45:44.202] [bmv2] [D] [thread 15387] [6.0] [cxt 0] Pipeline 'egress': end
[19:45:44.202] [bmv2] [D] [thread 15387] [6.0] [cxt 0] Deparser 'deparser': start
[19:45:44.202] [bmv2] [T] [thread 15387] [6.0] [cxt 0] Skipping checksum 'cksum' update because condition not met
[19:45:44.202] [bmv2] [D] [thread 15387] [6.0] [cxt 0] Deparsing header 'ethernet'
[19:45:44.202] [bmv2] [D] [thread 15387] [6.0] [cxt 0] Deparser 'deparser': end
[19:45:44.202] [bmv2] [D] [thread 15391] [6.0] [cxt 0] Transmitting packet of size 78 out of port 0
[19:45:45.492] [bmv2] [T] [thread 15463] bm_get_config
[19:45:45.493] [bmv2] [T] [thread 15463] bm_set_default_action
[19:45:45.493] [bmv2] [D] [thread 15463] Set default entry for table 'MyIngress.ipv4_lpm': MyIngress.drop - 
[19:45:45.493] [bmv2] [T] [thread 15463] bm_table_add_entry
[19:45:45.493] [bmv2] [D] [thread 15463] Entry 0 added to table 'MyIngress.ipv4_lpm'
[19:45:45.493] [bmv2] [D] [thread 15463] Dumping entry 0
Match key:
* hdr.ipv4.dstAddr    : LPM       0a000101/32
Action entry: MyIngress.ipv4_forward - a000101,1,

[19:45:45.493] [bmv2] [T] [thread 15463] bm_table_add_entry
[19:45:45.493] [bmv2] [D] [thread 15463] Entry 1 added to table 'MyIngress.ipv4_lpm'
[19:45:45.493] [bmv2] [D] [thread 15463] Dumping entry 1
Match key:
* hdr.ipv4.dstAddr    : LPM       0a000102/32
Action entry: MyIngress.ipv4_forward - a000102,2,

[19:45:45.494] [bmv2] [T] [thread 15463] mirroring_sesssion_add
[19:45:59.651] [bmv2] [D] [thread 15386] [7.0] [cxt 0] Processing packet received on port 1
[19:45:59.651] [bmv2] [D] [thread 15386] [7.0] [cxt 0] Parser 'parser': start
[19:45:59.651] [bmv2] [D] [thread 15386] [7.0] [cxt 0] Parser 'parser' entering state 'start'
[19:45:59.651] [bmv2] [D] [thread 15386] [7.0] [cxt 0] Extracting header 'ethernet'
[19:45:59.651] [bmv2] [D] [thread 15386] [7.0] [cxt 0] Parser state 'start': key is 0800
[19:45:59.651] [bmv2] [T] [thread 15386] [7.0] [cxt 0] Bytes parsed: 14
[19:45:59.651] [bmv2] [D] [thread 15386] [7.0] [cxt 0] Parser 'parser' entering state 'ipv4'
[19:45:59.651] [bmv2] [D] [thread 15386] [7.0] [cxt 0] Extracting header 'ipv4'
[19:45:59.651] [bmv2] [D] [thread 15386] [7.0] [cxt 0] Parser state 'ipv4' has no switch, going to default next state
[19:45:59.651] [bmv2] [T] [thread 15386] [7.0] [cxt 0] Bytes parsed: 34
[19:45:59.651] [bmv2] [D] [thread 15386] [7.0] [cxt 0] Parser 'parser': end
[19:45:59.651] [bmv2] [D] [thread 15386] [7.0] [cxt 0] Pipeline 'ingress': start
[19:45:59.651] [bmv2] [T] [thread 15386] [7.0] [cxt 0] copy_to_cpu.p4(128) Condition "hdr.ipv4.isValid()" (node_2) is true
[19:45:59.651] [bmv2] [T] [thread 15386] [7.0] [cxt 0] Applying table 'MyIngress.ipv4_lpm'
[19:45:59.651] [bmv2] [D] [thread 15386] [7.0] [cxt 0] Looking up key:
* hdr.ipv4.dstAddr    : 0a000102

[19:45:59.651] [bmv2] [D] [thread 15386] [7.0] [cxt 0] Table 'MyIngress.ipv4_lpm': hit with handle 1
[19:45:59.651] [bmv2] [D] [thread 15386] [7.0] [cxt 0] Dumping entry 1
Match key:
* hdr.ipv4.dstAddr    : LPM       0a000102/32
Action entry: MyIngress.ipv4_forward - a000102,2,

[19:45:59.651] [bmv2] [D] [thread 15386] [7.0] [cxt 0] Action entry is MyIngress.ipv4_forward - a000102,2,
[19:45:59.651] [bmv2] [T] [thread 15386] [7.0] [cxt 0] Action MyIngress.ipv4_forward
[19:45:59.651] [bmv2] [T] [thread 15386] [7.0] [cxt 0] copy_to_cpu.p4(99) Primitive hdr.ethernet.srcAddr = hdr.ethernet.dstAddr
[19:45:59.651] [bmv2] [T] [thread 15386] [7.0] [cxt 0] copy_to_cpu.p4(102) Primitive hdr.ethernet.dstAddr = dstAddr
[19:45:59.651] [bmv2] [T] [thread 15386] [7.0] [cxt 0] copy_to_cpu.p4(105) Primitive standard_metadata.egress_spec = port
[19:45:59.651] [bmv2] [T] [thread 15386] [7.0] [cxt 0] copy_to_cpu.p4(108) Primitive hdr.ipv4.ttl = hdr.ipv4.ttl -1
[19:45:59.651] [bmv2] [D] [thread 15386] [7.0] [cxt 0] Pipeline 'ingress': end
[19:45:59.651] [bmv2] [D] [thread 15386] [7.0] [cxt 0] Egress port is 2
[19:45:59.651] [bmv2] [D] [thread 15389] [7.0] [cxt 0] Pipeline 'egress': start
[19:45:59.651] [bmv2] [T] [thread 15389] [7.0] [cxt 0] copy_to_cpu.p4(151) Condition "standard_metadata.instance_type == 0 && hdr.ipv4.tos == 1" (node_6) is false
[19:45:59.651] [bmv2] [T] [thread 15389] [7.0] [cxt 0] copy_to_cpu.p4(157) Condition "standard_metadata.instance_type != 0" (node_8) is false
[19:45:59.651] [bmv2] [D] [thread 15389] [7.0] [cxt 0] Pipeline 'egress': end
[19:45:59.651] [bmv2] [D] [thread 15389] [7.0] [cxt 0] Deparser 'deparser': start
[19:45:59.651] [bmv2] [D] [thread 15389] [7.0] [cxt 0] Updating checksum 'cksum'
[19:45:59.651] [bmv2] [D] [thread 15389] [7.0] [cxt 0] Deparsing header 'ethernet'
[19:45:59.651] [bmv2] [D] [thread 15389] [7.0] [cxt 0] Deparsing header 'ipv4'
[19:45:59.651] [bmv2] [D] [thread 15389] [7.0] [cxt 0] Deparser 'deparser': end
[19:45:59.651] [bmv2] [D] [thread 15391] [7.0] [cxt 0] Transmitting packet of size 84 out of port 2
[19:45:59.651] [bmv2] [D] [thread 15386] [8.0] [cxt 0] Processing packet received on port 2
[19:45:59.651] [bmv2] [D] [thread 15386] [8.0] [cxt 0] Parser 'parser': start
[19:45:59.651] [bmv2] [D] [thread 15386] [8.0] [cxt 0] Parser 'parser' entering state 'start'
[19:45:59.651] [bmv2] [D] [thread 15386] [8.0] [cxt 0] Extracting header 'ethernet'
[19:45:59.651] [bmv2] [D] [thread 15386] [8.0] [cxt 0] Parser state 'start': key is 0800
[19:45:59.651] [bmv2] [T] [thread 15386] [8.0] [cxt 0] Bytes parsed: 14
[19:45:59.651] [bmv2] [D] [thread 15386] [8.0] [cxt 0] Parser 'parser' entering state 'ipv4'
[19:45:59.651] [bmv2] [D] [thread 15386] [8.0] [cxt 0] Extracting header 'ipv4'
[19:45:59.651] [bmv2] [D] [thread 15386] [8.0] [cxt 0] Parser state 'ipv4' has no switch, going to default next state
[19:45:59.651] [bmv2] [T] [thread 15386] [8.0] [cxt 0] Bytes parsed: 34
[19:45:59.651] [bmv2] [D] [thread 15386] [8.0] [cxt 0] Parser 'parser': end
[19:45:59.651] [bmv2] [D] [thread 15386] [8.0] [cxt 0] Pipeline 'ingress': start
[19:45:59.651] [bmv2] [T] [thread 15386] [8.0] [cxt 0] copy_to_cpu.p4(128) Condition "hdr.ipv4.isValid()" (node_2) is true
[19:45:59.651] [bmv2] [T] [thread 15386] [8.0] [cxt 0] Applying table 'MyIngress.ipv4_lpm'
[19:45:59.651] [bmv2] [D] [thread 15386] [8.0] [cxt 0] Looking up key:
* hdr.ipv4.dstAddr    : 0a000101

[19:45:59.651] [bmv2] [D] [thread 15386] [8.0] [cxt 0] Table 'MyIngress.ipv4_lpm': hit with handle 0
[19:45:59.651] [bmv2] [D] [thread 15386] [8.0] [cxt 0] Dumping entry 0
Match key:
* hdr.ipv4.dstAddr    : LPM       0a000101/32
Action entry: MyIngress.ipv4_forward - a000101,1,

[19:45:59.651] [bmv2] [D] [thread 15386] [8.0] [cxt 0] Action entry is MyIngress.ipv4_forward - a000101,1,
[19:45:59.651] [bmv2] [T] [thread 15386] [8.0] [cxt 0] Action MyIngress.ipv4_forward
[19:45:59.651] [bmv2] [T] [thread 15386] [8.0] [cxt 0] copy_to_cpu.p4(99) Primitive hdr.ethernet.srcAddr = hdr.ethernet.dstAddr
[19:45:59.651] [bmv2] [T] [thread 15386] [8.0] [cxt 0] copy_to_cpu.p4(102) Primitive hdr.ethernet.dstAddr = dstAddr
[19:45:59.651] [bmv2] [T] [thread 15386] [8.0] [cxt 0] copy_to_cpu.p4(105) Primitive standard_metadata.egress_spec = port
[19:45:59.651] [bmv2] [T] [thread 15386] [8.0] [cxt 0] copy_to_cpu.p4(108) Primitive hdr.ipv4.ttl = hdr.ipv4.ttl -1
[19:45:59.651] [bmv2] [D] [thread 15386] [8.0] [cxt 0] Pipeline 'ingress': end
[19:45:59.651] [bmv2] [D] [thread 15386] [8.0] [cxt 0] Egress port is 1
[19:45:59.651] [bmv2] [D] [thread 15388] [8.0] [cxt 0] Pipeline 'egress': start
[19:45:59.651] [bmv2] [T] [thread 15388] [8.0] [cxt 0] copy_to_cpu.p4(151) Condition "standard_metadata.instance_type == 0 && hdr.ipv4.tos == 1" (node_6) is false
[19:45:59.651] [bmv2] [T] [thread 15388] [8.0] [cxt 0] copy_to_cpu.p4(157) Condition "standard_metadata.instance_type != 0" (node_8) is false
[19:45:59.651] [bmv2] [D] [thread 15388] [8.0] [cxt 0] Pipeline 'egress': end
[19:45:59.651] [bmv2] [D] [thread 15388] [8.0] [cxt 0] Deparser 'deparser': start
[19:45:59.651] [bmv2] [D] [thread 15388] [8.0] [cxt 0] Updating checksum 'cksum'
[19:45:59.651] [bmv2] [D] [thread 15388] [8.0] [cxt 0] Deparsing header 'ethernet'
[19:45:59.651] [bmv2] [D] [thread 15388] [8.0] [cxt 0] Deparsing header 'ipv4'
[19:45:59.651] [bmv2] [D] [thread 15388] [8.0] [cxt 0] Deparser 'deparser': end
[19:45:59.651] [bmv2] [D] [thread 15391] [8.0] [cxt 0] Transmitting packet of size 54 out of port 1
[19:46:03.871] [bmv2] [D] [thread 15386] [9.0] [cxt 0] Processing packet received on port 3
[19:46:03.871] [bmv2] [D] [thread 15386] [9.0] [cxt 0] Parser 'parser': start
[19:46:03.871] [bmv2] [D] [thread 15386] [9.0] [cxt 0] Parser 'parser' entering state 'start'
[19:46:03.871] [bmv2] [D] [thread 15386] [9.0] [cxt 0] Extracting header 'ethernet'
[19:46:03.871] [bmv2] [D] [thread 15386] [9.0] [cxt 0] Parser state 'start': key is 0800
[19:46:03.871] [bmv2] [T] [thread 15386] [9.0] [cxt 0] Bytes parsed: 14
[19:46:03.871] [bmv2] [D] [thread 15386] [9.0] [cxt 0] Parser 'parser' entering state 'ipv4'
[19:46:03.871] [bmv2] [D] [thread 15386] [9.0] [cxt 0] Extracting header 'ipv4'
[19:46:03.871] [bmv2] [D] [thread 15386] [9.0] [cxt 0] Parser state 'ipv4' has no switch, going to default next state
[19:46:03.871] [bmv2] [T] [thread 15386] [9.0] [cxt 0] Bytes parsed: 34
[19:46:03.871] [bmv2] [D] [thread 15386] [9.0] [cxt 0] Parser 'parser': end
[19:46:03.871] [bmv2] [D] [thread 15386] [9.0] [cxt 0] Pipeline 'ingress': start
[19:46:03.871] [bmv2] [T] [thread 15386] [9.0] [cxt 0] copy_to_cpu.p4(128) Condition "hdr.ipv4.isValid()" (node_2) is true
[19:46:03.871] [bmv2] [T] [thread 15386] [9.0] [cxt 0] Applying table 'MyIngress.ipv4_lpm'
[19:46:03.871] [bmv2] [D] [thread 15386] [9.0] [cxt 0] Looking up key:
* hdr.ipv4.dstAddr    : 0a000102

[19:46:03.871] [bmv2] [D] [thread 15386] [9.0] [cxt 0] Table 'MyIngress.ipv4_lpm': hit with handle 1
[19:46:03.871] [bmv2] [D] [thread 15386] [9.0] [cxt 0] Dumping entry 1
Match key:
* hdr.ipv4.dstAddr    : LPM       0a000102/32
Action entry: MyIngress.ipv4_forward - a000102,2,

[19:46:03.871] [bmv2] [D] [thread 15386] [9.0] [cxt 0] Action entry is MyIngress.ipv4_forward - a000102,2,
[19:46:03.871] [bmv2] [T] [thread 15386] [9.0] [cxt 0] Action MyIngress.ipv4_forward
[19:46:03.871] [bmv2] [T] [thread 15386] [9.0] [cxt 0] copy_to_cpu.p4(99) Primitive hdr.ethernet.srcAddr = hdr.ethernet.dstAddr
[19:46:03.871] [bmv2] [T] [thread 15386] [9.0] [cxt 0] copy_to_cpu.p4(102) Primitive hdr.ethernet.dstAddr = dstAddr
[19:46:03.871] [bmv2] [T] [thread 15386] [9.0] [cxt 0] copy_to_cpu.p4(105) Primitive standard_metadata.egress_spec = port
[19:46:03.871] [bmv2] [T] [thread 15386] [9.0] [cxt 0] copy_to_cpu.p4(108) Primitive hdr.ipv4.ttl = hdr.ipv4.ttl -1
[19:46:03.871] [bmv2] [D] [thread 15386] [9.0] [cxt 0] Pipeline 'ingress': end
[19:46:03.871] [bmv2] [D] [thread 15386] [9.0] [cxt 0] Egress port is 2
[19:46:03.871] [bmv2] [D] [thread 15389] [9.0] [cxt 0] Pipeline 'egress': start
[19:46:03.871] [bmv2] [T] [thread 15389] [9.0] [cxt 0] copy_to_cpu.p4(151) Condition "standard_metadata.instance_type == 0 && hdr.ipv4.tos == 1" (node_6) is false
[19:46:03.871] [bmv2] [T] [thread 15389] [9.0] [cxt 0] copy_to_cpu.p4(157) Condition "standard_metadata.instance_type != 0" (node_8) is false
[19:46:03.871] [bmv2] [D] [thread 15389] [9.0] [cxt 0] Pipeline 'egress': end
[19:46:03.871] [bmv2] [D] [thread 15389] [9.0] [cxt 0] Deparser 'deparser': start
[19:46:03.871] [bmv2] [D] [thread 15389] [9.0] [cxt 0] Updating checksum 'cksum'
[19:46:03.871] [bmv2] [D] [thread 15389] [9.0] [cxt 0] Deparsing header 'ethernet'
[19:46:03.871] [bmv2] [D] [thread 15389] [9.0] [cxt 0] Deparsing header 'ipv4'
[19:46:03.871] [bmv2] [D] [thread 15389] [9.0] [cxt 0] Deparser 'deparser': end
[19:46:03.871] [bmv2] [D] [thread 15391] [9.0] [cxt 0] Transmitting packet of size 84 out of port 2
[19:46:03.872] [bmv2] [D] [thread 15386] [10.0] [cxt 0] Processing packet received on port 2
[19:46:03.872] [bmv2] [D] [thread 15386] [10.0] [cxt 0] Parser 'parser': start
[19:46:03.872] [bmv2] [D] [thread 15386] [10.0] [cxt 0] Parser 'parser' entering state 'start'
[19:46:03.872] [bmv2] [D] [thread 15386] [10.0] [cxt 0] Extracting header 'ethernet'
[19:46:03.872] [bmv2] [D] [thread 15386] [10.0] [cxt 0] Parser state 'start': key is 0800
[19:46:03.872] [bmv2] [T] [thread 15386] [10.0] [cxt 0] Bytes parsed: 14
[19:46:03.872] [bmv2] [D] [thread 15386] [10.0] [cxt 0] Parser 'parser' entering state 'ipv4'
[19:46:03.872] [bmv2] [D] [thread 15386] [10.0] [cxt 0] Extracting header 'ipv4'
[19:46:03.872] [bmv2] [D] [thread 15386] [10.0] [cxt 0] Parser state 'ipv4' has no switch, going to default next state
[19:46:03.872] [bmv2] [T] [thread 15386] [10.0] [cxt 0] Bytes parsed: 34
[19:46:03.872] [bmv2] [D] [thread 15386] [10.0] [cxt 0] Parser 'parser': end
[19:46:03.872] [bmv2] [D] [thread 15386] [10.0] [cxt 0] Pipeline 'ingress': start
[19:46:03.872] [bmv2] [T] [thread 15386] [10.0] [cxt 0] copy_to_cpu.p4(128) Condition "hdr.ipv4.isValid()" (node_2) is true
[19:46:03.872] [bmv2] [T] [thread 15386] [10.0] [cxt 0] Applying table 'MyIngress.ipv4_lpm'
[19:46:03.872] [bmv2] [D] [thread 15386] [10.0] [cxt 0] Looking up key:
* hdr.ipv4.dstAddr    : 0a00020f

[19:46:03.872] [bmv2] [D] [thread 15386] [10.0] [cxt 0] Table 'MyIngress.ipv4_lpm': miss
[19:46:03.872] [bmv2] [D] [thread 15386] [10.0] [cxt 0] Action entry is MyIngress.drop - 
[19:46:03.872] [bmv2] [T] [thread 15386] [10.0] [cxt 0] Action MyIngress.drop
[19:46:03.872] [bmv2] [T] [thread 15386] [10.0] [cxt 0] copy_to_cpu.p4(93) Primitive mark_to_drop()
[19:46:03.872] [bmv2] [D] [thread 15386] [10.0] [cxt 0] Pipeline 'ingress': end
[19:46:03.872] [bmv2] [D] [thread 15386] [10.0] [cxt 0] Egress port is 511
[19:46:03.872] [bmv2] [D] [thread 15386] [10.0] [cxt 0] Dropping packet at the end of ingress
[19:46:11.210] [bmv2] [D] [thread 15386] [11.0] [cxt 0] Processing packet received on port 1
[19:46:11.210] [bmv2] [D] [thread 15386] [11.0] [cxt 0] Parser 'parser': start
[19:46:11.210] [bmv2] [D] [thread 15386] [11.0] [cxt 0] Parser 'parser' entering state 'start'
[19:46:11.210] [bmv2] [D] [thread 15386] [11.0] [cxt 0] Extracting header 'ethernet'
[19:46:11.210] [bmv2] [D] [thread 15386] [11.0] [cxt 0] Parser state 'start': key is 0800
[19:46:11.210] [bmv2] [T] [thread 15386] [11.0] [cxt 0] Bytes parsed: 14
[19:46:11.210] [bmv2] [D] [thread 15386] [11.0] [cxt 0] Parser 'parser' entering state 'ipv4'
[19:46:11.210] [bmv2] [D] [thread 15386] [11.0] [cxt 0] Extracting header 'ipv4'
[19:46:11.210] [bmv2] [D] [thread 15386] [11.0] [cxt 0] Parser state 'ipv4' has no switch, going to default next state
[19:46:11.210] [bmv2] [T] [thread 15386] [11.0] [cxt 0] Bytes parsed: 34
[19:46:11.210] [bmv2] [D] [thread 15386] [11.0] [cxt 0] Parser 'parser': end
[19:46:11.210] [bmv2] [D] [thread 15386] [11.0] [cxt 0] Pipeline 'ingress': start
[19:46:11.210] [bmv2] [T] [thread 15386] [11.0] [cxt 0] copy_to_cpu.p4(128) Condition "hdr.ipv4.isValid()" (node_2) is true
[19:46:11.210] [bmv2] [T] [thread 15386] [11.0] [cxt 0] Applying table 'MyIngress.ipv4_lpm'
[19:46:11.210] [bmv2] [D] [thread 15386] [11.0] [cxt 0] Looking up key:
* hdr.ipv4.dstAddr    : 0a000102

[19:46:11.210] [bmv2] [D] [thread 15386] [11.0] [cxt 0] Table 'MyIngress.ipv4_lpm': hit with handle 1
[19:46:11.210] [bmv2] [D] [thread 15386] [11.0] [cxt 0] Dumping entry 1
Match key:
* hdr.ipv4.dstAddr    : LPM       0a000102/32
Action entry: MyIngress.ipv4_forward - a000102,2,

[19:46:11.210] [bmv2] [D] [thread 15386] [11.0] [cxt 0] Action entry is MyIngress.ipv4_forward - a000102,2,
[19:46:11.210] [bmv2] [T] [thread 15386] [11.0] [cxt 0] Action MyIngress.ipv4_forward
[19:46:11.210] [bmv2] [T] [thread 15386] [11.0] [cxt 0] copy_to_cpu.p4(99) Primitive hdr.ethernet.srcAddr = hdr.ethernet.dstAddr
[19:46:11.210] [bmv2] [T] [thread 15386] [11.0] [cxt 0] copy_to_cpu.p4(102) Primitive hdr.ethernet.dstAddr = dstAddr
[19:46:11.210] [bmv2] [T] [thread 15386] [11.0] [cxt 0] copy_to_cpu.p4(105) Primitive standard_metadata.egress_spec = port
[19:46:11.210] [bmv2] [T] [thread 15386] [11.0] [cxt 0] copy_to_cpu.p4(108) Primitive hdr.ipv4.ttl = hdr.ipv4.ttl -1
[19:46:11.210] [bmv2] [D] [thread 15386] [11.0] [cxt 0] Pipeline 'ingress': end
[19:46:11.211] [bmv2] [D] [thread 15386] [11.0] [cxt 0] Egress port is 2
[19:46:11.211] [bmv2] [D] [thread 15389] [11.0] [cxt 0] Pipeline 'egress': start
[19:46:11.211] [bmv2] [T] [thread 15389] [11.0] [cxt 0] copy_to_cpu.p4(151) Condition "standard_metadata.instance_type == 0 && hdr.ipv4.tos == 1" (node_6) is false
[19:46:11.211] [bmv2] [T] [thread 15389] [11.0] [cxt 0] copy_to_cpu.p4(157) Condition "standard_metadata.instance_type != 0" (node_8) is false
[19:46:11.211] [bmv2] [D] [thread 15389] [11.0] [cxt 0] Pipeline 'egress': end
[19:46:11.211] [bmv2] [D] [thread 15389] [11.0] [cxt 0] Deparser 'deparser': start
[19:46:11.211] [bmv2] [D] [thread 15389] [11.0] [cxt 0] Updating checksum 'cksum'
[19:46:11.211] [bmv2] [D] [thread 15389] [11.0] [cxt 0] Deparsing header 'ethernet'
[19:46:11.211] [bmv2] [D] [thread 15389] [11.0] [cxt 0] Deparsing header 'ipv4'
[19:46:11.211] [bmv2] [D] [thread 15389] [11.0] [cxt 0] Deparser 'deparser': end
[19:46:11.211] [bmv2] [D] [thread 15391] [11.0] [cxt 0] Transmitting packet of size 84 out of port 2
[19:46:11.211] [bmv2] [D] [thread 15386] [12.0] [cxt 0] Processing packet received on port 2
[19:46:11.211] [bmv2] [D] [thread 15386] [12.0] [cxt 0] Parser 'parser': start
[19:46:11.211] [bmv2] [D] [thread 15386] [12.0] [cxt 0] Parser 'parser' entering state 'start'
[19:46:11.211] [bmv2] [D] [thread 15386] [12.0] [cxt 0] Extracting header 'ethernet'
[19:46:11.211] [bmv2] [D] [thread 15386] [12.0] [cxt 0] Parser state 'start': key is 0800
[19:46:11.211] [bmv2] [T] [thread 15386] [12.0] [cxt 0] Bytes parsed: 14
[19:46:11.211] [bmv2] [D] [thread 15386] [12.0] [cxt 0] Parser 'parser' entering state 'ipv4'
[19:46:11.211] [bmv2] [D] [thread 15386] [12.0] [cxt 0] Extracting header 'ipv4'
[19:46:11.211] [bmv2] [D] [thread 15386] [12.0] [cxt 0] Parser state 'ipv4' has no switch, going to default next state
[19:46:11.211] [bmv2] [T] [thread 15386] [12.0] [cxt 0] Bytes parsed: 34
[19:46:11.211] [bmv2] [D] [thread 15386] [12.0] [cxt 0] Parser 'parser': end
[19:46:11.211] [bmv2] [D] [thread 15386] [12.0] [cxt 0] Pipeline 'ingress': start
[19:46:11.211] [bmv2] [T] [thread 15386] [12.0] [cxt 0] copy_to_cpu.p4(128) Condition "hdr.ipv4.isValid()" (node_2) is true
[19:46:11.211] [bmv2] [T] [thread 15386] [12.0] [cxt 0] Applying table 'MyIngress.ipv4_lpm'
[19:46:11.211] [bmv2] [D] [thread 15386] [12.0] [cxt 0] Looking up key:
* hdr.ipv4.dstAddr    : 0a000101

[19:46:11.211] [bmv2] [D] [thread 15386] [12.0] [cxt 0] Table 'MyIngress.ipv4_lpm': hit with handle 0
[19:46:11.211] [bmv2] [D] [thread 15386] [12.0] [cxt 0] Dumping entry 0
Match key:
* hdr.ipv4.dstAddr    : LPM       0a000101/32
Action entry: MyIngress.ipv4_forward - a000101,1,

[19:46:11.211] [bmv2] [D] [thread 15386] [12.0] [cxt 0] Action entry is MyIngress.ipv4_forward - a000101,1,
[19:46:11.211] [bmv2] [T] [thread 15386] [12.0] [cxt 0] Action MyIngress.ipv4_forward
[19:46:11.211] [bmv2] [T] [thread 15386] [12.0] [cxt 0] copy_to_cpu.p4(99) Primitive hdr.ethernet.srcAddr = hdr.ethernet.dstAddr
[19:46:11.211] [bmv2] [T] [thread 15386] [12.0] [cxt 0] copy_to_cpu.p4(102) Primitive hdr.ethernet.dstAddr = dstAddr
[19:46:11.211] [bmv2] [T] [thread 15386] [12.0] [cxt 0] copy_to_cpu.p4(105) Primitive standard_metadata.egress_spec = port
[19:46:11.211] [bmv2] [T] [thread 15386] [12.0] [cxt 0] copy_to_cpu.p4(108) Primitive hdr.ipv4.ttl = hdr.ipv4.ttl -1
[19:46:11.211] [bmv2] [D] [thread 15386] [12.0] [cxt 0] Pipeline 'ingress': end
[19:46:11.211] [bmv2] [D] [thread 15386] [12.0] [cxt 0] Egress port is 1
[19:46:11.211] [bmv2] [D] [thread 15388] [12.0] [cxt 0] Pipeline 'egress': start
[19:46:11.211] [bmv2] [T] [thread 15388] [12.0] [cxt 0] copy_to_cpu.p4(151) Condition "standard_metadata.instance_type == 0 && hdr.ipv4.tos == 1" (node_6) is false
[19:46:11.211] [bmv2] [T] [thread 15388] [12.0] [cxt 0] copy_to_cpu.p4(157) Condition "standard_metadata.instance_type != 0" (node_8) is false
[19:46:11.211] [bmv2] [D] [thread 15388] [12.0] [cxt 0] Pipeline 'egress': end
[19:46:11.211] [bmv2] [D] [thread 15388] [12.0] [cxt 0] Deparser 'deparser': start
[19:46:11.211] [bmv2] [D] [thread 15388] [12.0] [cxt 0] Updating checksum 'cksum'
[19:46:11.211] [bmv2] [D] [thread 15388] [12.0] [cxt 0] Deparsing header 'ethernet'
[19:46:11.211] [bmv2] [D] [thread 15388] [12.0] [cxt 0] Deparsing header 'ipv4'
[19:46:11.211] [bmv2] [D] [thread 15388] [12.0] [cxt 0] Deparser 'deparser': end
[19:46:11.211] [bmv2] [D] [thread 15391] [12.0] [cxt 0] Transmitting packet of size 54 out of port 1
open: No such file or directory
open: No such file or directory
open: No such file or directory
